{
  "stats": {
    "suites": 3,
    "tests": 10,
    "passes": 10,
    "pending": 0,
    "failures": 0,
    "start": "2023-04-09T02:52:19.891Z",
    "end": "2023-04-09T02:52:35.481Z",
    "duration": 15590,
    "testsRegistered": 10,
    "passPercent": 100,
    "pendingPercent": 0,
    "other": 0,
    "hasOther": false,
    "skipped": 0,
    "hasSkipped": false
  },
  "results": [
    {
      "uuid": "0459bca2-7b2e-4677-88ac-5b4b23f1e589",
      "title": "",
      "fullFile": "",
      "file": "",
      "beforeHooks": [],
      "afterHooks": [],
      "tests": [],
      "suites": [
        {
          "uuid": "10c7cd99-a171-431b-bfa7-65a40dd8ce28",
          "title": "Admin Operations",
          "fullFile": "/Users/wenky/Documents/Douglas/2023-Winter/CSIS 4495/Mechanics/test/adminTest.js",
          "file": "/test/adminTest.js",
          "beforeHooks": [],
          "afterHooks": [],
          "tests": [
            {
              "title": "login",
              "fullTitle": "Admin Operations login",
              "timedOut": false,
              "duration": 1829,
              "state": "passed",
              "speed": "slow",
              "pass": true,
              "fail": false,
              "pending": false,
              "context": null,
              "code": "// go to login page\nawait driver.get(login)\n// input email\nawait driver.findElement(By.css(\".loginAdmin-email\")).click()\nawait driver.findElement(By.css(\".loginAdmin-email\")).sendKeys(\"admin@test.com\")\n// input password\nawait driver.findElement(By.css(\".loginAdmin-pwd\")).click()\nawait driver.findElement(By.css(\".loginAdmin-pwd\")).sendKeys(\"123\")\n// click login button\nawait driver.findElement(By.css(\".loginAdmin-submit\")).click()\n\n// assert url changed\nredirectUrl(\"home\")",
              "err": {},
              "uuid": "e886a8a6-7540-4448-936a-1c0dc054bfad",
              "parentUUID": "10c7cd99-a171-431b-bfa7-65a40dd8ce28",
              "isHook": false,
              "skipped": false
            },
            {
              "title": "check detail button",
              "fullTitle": "Admin Operations check detail button",
              "timedOut": false,
              "duration": 135,
              "state": "passed",
              "speed": "slow",
              "pass": true,
              "fail": false,
              "pending": false,
              "context": null,
              "code": "// click the detail button of the first account\nawait driver.findElement(By.css(\".Admin_Main_Page_Row_One:nth-child(1) > .Admin_Main_Page_RowDetailButton > button\")).click()\n// check if match expected value\nassert(await driver.findElement(By.css(\".admin_popup_table tr:nth-child(2) > td:nth-child(2)\")).getText() == \"client@test.com\")\n// close the pop-up window\nawait driver.findElement(By.css(\".admin_popup_close\")).click()",
              "err": {},
              "uuid": "c768531f-81a4-4617-a00a-132eb3373dd8",
              "parentUUID": "10c7cd99-a171-431b-bfa7-65a40dd8ce28",
              "isHook": false,
              "skipped": false
            },
            {
              "title": "search engine",
              "fullTitle": "Admin Operations search engine",
              "timedOut": false,
              "duration": 2114,
              "state": "passed",
              "speed": "slow",
              "pass": true,
              "fail": false,
              "pending": false,
              "context": null,
              "code": "// click search engine and enter search key \"store\"\nawait driver.findElement(By.css(\"input\")).sendKeys(\"store\")\nawait driver.findElement(By.css(\".ad_mp_search_button\")).click()\nawait driver.sleep(2000)\n// check the last element and click detail to check if match expected value\nawait driver.findElement(By.css(\".Admin_Main_Page_Row_One:nth-child(5) > .Admin_Main_Page_RowDetailButton > button\")).click()\nassert(await driver.findElement(By.css(\".admin_popup_table tr:nth-child(2) > td:nth-child(2)\")).getText() == \"store5@test.com\")\nawait driver.findElement(By.css(\".admin_popup_close\")).click()",
              "err": {},
              "uuid": "ea673b7e-df76-4196-bd43-1ce245e60fae",
              "parentUUID": "10c7cd99-a171-431b-bfa7-65a40dd8ce28",
              "isHook": false,
              "skipped": false
            },
            {
              "title": "clear search engine",
              "fullTitle": "Admin Operations clear search engine",
              "timedOut": false,
              "duration": 2105,
              "state": "passed",
              "speed": "slow",
              "pass": true,
              "fail": false,
              "pending": false,
              "context": null,
              "code": "// clear the search content and test again\nawait driver.findElement(By.css(\"input\")).clear()\nawait driver.findElement(By.css(\"input\")).sendKeys(\" \")\nawait driver.findElement(By.css(\".ad_mp_search_button\")).click()\nawait driver.sleep(2000)\n// click detail to check\nawait driver.findElement(By.css(\".Admin_Main_Page_Row_One:nth-child(1) > .Admin_Main_Page_RowDetailButton > button\")).click()\nassert(await driver.findElement(By.css(\".admin_popup_table tr:nth-child(2) > td:nth-child(2)\")).getText() == \"client@test.com\")\nawait driver.findElement(By.css(\".admin_popup_close\")).click()",
              "err": {},
              "uuid": "b211a481-530f-4e99-b60e-a5d63ce92ffa",
              "parentUUID": "10c7cd99-a171-431b-bfa7-65a40dd8ce28",
              "isHook": false,
              "skipped": false
            },
            {
              "title": "add client",
              "fullTitle": "Admin Operations add client",
              "timedOut": false,
              "duration": 2428,
              "state": "passed",
              "speed": "slow",
              "pass": true,
              "fail": false,
              "pending": false,
              "context": null,
              "code": "// click link to enter another page\nawait driver.findElement(By.linkText(\"New Client Account\")).click()\n// redirect to\nredirectUrl(\"addClient\")\n// input information for new client\nawait driver.findElement(By.name(\"email\")).sendKeys(\"admin.addclient@test.com\")\nawait driver.findElement(By.name(\"name\")).sendKeys(\"admin added client\")\nawait driver.findElement(By.name(\"pwd\")).sendKeys(\"123\")\nawait driver.findElement(By.name(\"pwd_confirm\")).sendKeys(\"123\")\n// select options\nlet selectMake = await driver.findElement(By.name('make'))\nlet optionMake = await selectMake.findElement(By.css(\"option[value='Audi']\"));\nawait optionMake.click()\nlet selectModel = await driver.findElement(By.name(\"model\"))\nlet optionModel = await selectModel.findElement(By.css(\"option[value='Rav4']\"));\nawait optionModel.click()\n// submit\nawait driver.findElement(By.name(\"submitBtn\")).click()\n// redirect back to home\nredirectUrl(\"home\")\n// search result in search engine and click detail button to check if match expected value\nawait driver.findElement(By.css(\"input\")).sendKeys(\"addclient\")\nawait driver.findElement(By.css(\".ad_mp_search_button\")).click()\nawait driver.sleep(2000)\nawait driver.findElement(By.css(\".Admin_Main_Page_RowDetailButton > button\")).click()\nassert(await driver.findElement(By.css(\"tr:nth-child(2) > td:nth-child(2)\")).getText() == \"admin.addclient@test.com\")\nawait driver.findElement(By.css(\".admin_popup_close\")).click()",
              "err": {},
              "uuid": "d0758f2b-39e3-4cf8-9346-5227e139c2f5",
              "parentUUID": "10c7cd99-a171-431b-bfa7-65a40dd8ce28",
              "isHook": false,
              "skipped": false
            },
            {
              "title": "add store",
              "fullTitle": "Admin Operations add store",
              "timedOut": false,
              "duration": 3417,
              "state": "passed",
              "speed": "slow",
              "pass": true,
              "fail": false,
              "pending": false,
              "context": null,
              "code": "// click to enter the add store page\nawait driver.findElement(By.linkText(\"New Store Account\")).click()\nredirectUrl(\"addStore\")\n// input all information\nawait driver.findElement(By.css(\".store_reg_page_input-box:nth-child(3) > input\")).sendKeys(\"admin add store\")\nawait driver.findElement(By.css(\".store_reg_page_input-box:nth-child(4) > input\")).sendKeys(\"admin.addstore@test.com\")\nawait driver.findElement(By.css(\".store_reg_page_input-box:nth-child(5) > input\")).sendKeys(\"123\")\nawait driver.findElement(By.css(\".store_reg_page_input-box:nth-child(6) > input\")).sendKeys(\"123\")\nawait driver.findElement(By.css(\".store_reg_page_input-box:nth-child(8) > input\")).sendKeys(\"Admin Added\")\nawait driver.findElement(By.css(\".store_reg_page_input-box:nth-child(9) > input\")).sendKeys(\"111\")\nawait driver.findElement(By.css(\".store_reg_page_input-box:nth-child(10) > input\")).sendKeys(\"123\")\nawait driver.findElement(By.css(\".store_reg_page_input-box:nth-child(13) > input\")).sendKeys(\"111\")\n// select options\nlet selectCity = await driver.findElement(By.css(\".store_reg_page_input-box:nth-child(11) > select\"))\nlet optionCity = await selectCity.findElement(By.css(\"option[value='Vancouver']\"));\nawait optionCity.click()\nlet selectProvince = await driver.findElement(By.css(\".store_reg_page_input-box:nth-child(12) > select\"))\nlet optionProvince = await selectProvince.findElement(By.css(\"option[value='British Columbia']\"));\nawait optionProvince.click()\n// scroll down until see submit button, allow 2000 for webpage to settle down\nconst submit_button = driver.findElement(By.css(\".store_reg_page_button > input\"))\nawait driver.executeScript(\"arguments[0].scrollIntoView();\", submit_button);\nawait driver.sleep(3000)\n// click checkbox\nawait driver.findElement(By.css(\"div:nth-child(4) > input:nth-child(1)\")).click()\nawait driver.findElement(By.css(\"div:nth-child(9) > input:nth-child(1)\")).click()\n// submit\nawait driver.findElement(By.css(\".store_reg_page_button > input\")).click()\nredirectUrl(\"home\")",
              "err": {},
              "uuid": "66a94f58-9b72-405b-857f-0fa2380269f6",
              "parentUUID": "10c7cd99-a171-431b-bfa7-65a40dd8ce28",
              "isHook": false,
              "skipped": false
            },
            {
              "title": "delete account",
              "fullTitle": "Admin Operations delete account",
              "timedOut": false,
              "duration": 2189,
              "state": "passed",
              "speed": "slow",
              "pass": true,
              "fail": false,
              "pending": false,
              "context": null,
              "code": "// clear search\nawait driver.findElement(By.css(\"input\")).clear()\nawait driver.findElement(By.css(\"input\")).sendKeys(\" \")\nawait driver.findElement(By.css(\".ad_mp_search_button\")).click()\nawait driver.sleep(2000)\n// delete client\nawait driver.findElement(By.css(\".Admin_Main_Page_Row_One:nth-child(6) > .Admin_Main_Page_RowDeleteButton > button\")).click()\n// delete store\nawait driver.findElement(By.css(\".Admin_Main_Page_Row_One:nth-child(11) > .Admin_Main_Page_RowDeleteButton > button\")).click()\nawait driver.quit()",
              "err": {},
              "uuid": "028f411d-92d3-471a-8546-26f480fc734c",
              "parentUUID": "10c7cd99-a171-431b-bfa7-65a40dd8ce28",
              "isHook": false,
              "skipped": false
            }
          ],
          "suites": [],
          "passes": [
            "e886a8a6-7540-4448-936a-1c0dc054bfad",
            "c768531f-81a4-4617-a00a-132eb3373dd8",
            "ea673b7e-df76-4196-bd43-1ce245e60fae",
            "b211a481-530f-4e99-b60e-a5d63ce92ffa",
            "d0758f2b-39e3-4cf8-9346-5227e139c2f5",
            "66a94f58-9b72-405b-857f-0fa2380269f6",
            "028f411d-92d3-471a-8546-26f480fc734c"
          ],
          "failures": [],
          "pending": [],
          "skipped": [],
          "duration": 14217,
          "root": false,
          "rootEmpty": false,
          "_timeout": 30000
        },
        {
          "uuid": "6d260b69-68cf-4047-b2cc-b6f3c64170cd",
          "title": "Client Operations",
          "fullFile": "/Users/wenky/Documents/Douglas/2023-Winter/CSIS 4495/Mechanics/test/clientTest.js",
          "file": "/test/clientTest.js",
          "beforeHooks": [],
          "afterHooks": [],
          "tests": [
            {
              "title": "login",
              "fullTitle": "Client Operations login",
              "timedOut": false,
              "duration": 590,
              "state": "passed",
              "speed": "slow",
              "pass": true,
              "fail": false,
              "pending": false,
              "context": null,
              "code": "// go to login page\nawait driver.get(login)\n// choose type, input email and pwd, then submit\nawait driver.findElement(By.css(\".loginUser-BtnClient\")).click()\nawait driver.findElement(By.css(\".loginUser-email\")).sendKeys(\"client@test.com\")\nawait driver.findElement(By.css(\".loginUser-pwd\")).sendKeys(\"123\")\nawait driver.findElement(By.css(\".loginUser-submit\")).click()\n// assert url changed\nredirectUrl(home)",
              "err": {},
              "uuid": "2776169f-4fe1-4d8d-b9e3-1e1bd330f65a",
              "parentUUID": "6d260b69-68cf-4047-b2cc-b6f3c64170cd",
              "isHook": false,
              "skipped": false
            },
            {
              "title": "see store details",
              "fullTitle": "Client Operations see store details",
              "timedOut": false,
              "duration": 166,
              "state": "passed",
              "speed": "slow",
              "pass": true,
              "fail": false,
              "pending": false,
              "context": null,
              "code": "// click a store and enter store detail page\nawait driver.findElement(By.css(\".cl_mp_sel_section:nth-child(1) > .cl_mp_img\")).click()\nredirectUrl(\"storeDetail\")\n// assert page value\nassert(await driver.findElement(By.css(\".store_detail_info tr:nth-child(1) > td:nth-child(2)\")).getText() == \"Mitchell, Swift and Lueilwitz\")",
              "err": {},
              "uuid": "9e6ec3f2-d4b5-4e00-b123-8539f3129c2d",
              "parentUUID": "6d260b69-68cf-4047-b2cc-b6f3c64170cd",
              "isHook": false,
              "skipped": false
            }
          ],
          "suites": [],
          "passes": [
            "2776169f-4fe1-4d8d-b9e3-1e1bd330f65a",
            "9e6ec3f2-d4b5-4e00-b123-8539f3129c2d"
          ],
          "failures": [],
          "pending": [],
          "skipped": [],
          "duration": 756,
          "root": false,
          "rootEmpty": false,
          "_timeout": 30000
        },
        {
          "uuid": "c63ec714-af6b-43ba-b074-6c6cd52264f3",
          "title": "Store Operations",
          "fullFile": "/Users/wenky/Documents/Douglas/2023-Winter/CSIS 4495/Mechanics/test/storeTest.js",
          "file": "/test/storeTest.js",
          "beforeHooks": [],
          "afterHooks": [],
          "tests": [
            {
              "title": "login",
              "fullTitle": "Store Operations login",
              "timedOut": false,
              "duration": 606,
              "state": "passed",
              "speed": "slow",
              "pass": true,
              "fail": false,
              "pending": false,
              "context": null,
              "code": "// go to login page\nawait driver.get(login)\n// choose type, input email and pwd, then submit\nawait driver.findElement(By.css(\".loginUser-BtnStore\")).click()\nawait driver.findElement(By.css(\".loginUser-email\")).sendKeys(\"store@test.com\")\nawait driver.findElement(By.css(\".loginUser-pwd\")).sendKeys(\"123\")\nawait driver.findElement(By.css(\".loginUser-submit\")).click()\n// assert url changed\nredirectUrl(home)",
              "err": {},
              "uuid": "78aa25f0-312f-4def-9c03-46829c937d34",
              "parentUUID": "c63ec714-af6b-43ba-b074-6c6cd52264f3",
              "isHook": false,
              "skipped": false
            }
          ],
          "suites": [],
          "passes": [
            "78aa25f0-312f-4def-9c03-46829c937d34"
          ],
          "failures": [],
          "pending": [],
          "skipped": [],
          "duration": 606,
          "root": false,
          "rootEmpty": false,
          "_timeout": 30000
        }
      ],
      "passes": [],
      "failures": [],
      "pending": [],
      "skipped": [],
      "duration": 0,
      "root": true,
      "rootEmpty": true,
      "_timeout": 2000
    }
  ],
  "meta": {
    "mocha": {
      "version": "10.2.0"
    },
    "mochawesome": {
      "options": {
        "quiet": false,
        "reportFilename": "mochawesome",
        "saveHtml": true,
        "saveJson": true,
        "consoleReporter": "spec",
        "useInlineDiffs": false,
        "code": true
      },
      "version": "7.1.3"
    },
    "marge": {
      "options": {
        "reportDir": "./test/reports"
      },
      "version": "6.2.0"
    }
  }
}